<?xml version="1.0" encoding="utf-8"?><testsuites name="pytest tests"><testsuite name="pytest" errors="0" failures="0" skipped="0" tests="42" time="17.507" timestamp="2026-04-28T13:34:23.505318+00:00" hostname="agent-env-7f4f66cd-be81-478c-913b-e019596baa61"><testcase classname="backend.tests.test_admin_users_v2" name="test_auth_me_admin_has_paid_true" time="0.497" /><testcase classname="backend.tests.test_admin_users_v2" name="test_auth_me_new_user_has_paid_false" time="0.500" /><testcase classname="backend.tests.test_admin_users_v2" name="test_admin_list_users_requires_admin" time="0.487" /><testcase classname="backend.tests.test_admin_users_v2" name="test_admin_list_users_unauth" time="0.114" /><testcase classname="backend.tests.test_admin_users_v2" name="test_admin_list_users_includes_admin" time="0.054" /><testcase classname="backend.tests.test_admin_users_v2" name="test_admin_toggle_paid" time="0.554" /><testcase classname="backend.tests.test_admin_users_v2" name="test_set_paid_requires_admin" time="0.485" /><testcase classname="backend.tests.test_admin_users_v2" name="test_set_paid_unknown_user" time="0.054" /><testcase classname="backend.tests.test_admin_users_v2" name="test_stats_increments_when_user_marked_paid" time="0.886" /><testcase classname="backend.tests.test_admin_users_v2" name="test_admin_delete_user_and_predictions" time="0.742" /><testcase classname="backend.tests.test_admin_users_v2" name="test_admin_cannot_delete_self" time="0.099" /><testcase classname="backend.tests.test_admin_users_v2" name="test_delete_user_requires_admin" time="0.452" /><testcase classname="backend.tests.test_admin_users_v2" name="test_delete_unknown_user" time="0.064" /><testcase classname="backend.tests.test_admin_users_v2" name="test_match_logos_use_espn_cdn" time="0.284" /><testcase classname="backend.tests.test_admin_users_v2" name="test_atletico_madrid_logo_present" time="0.138" /><testcase classname="backend.tests.test_admin_users_v2" name="test_ranking_includes_admin" time="0.200" /><testcase classname="backend.tests.test_api" name="test_root" time="0.124" /><testcase classname="backend.tests.test_api" name="test_register_and_me" time="0.452" /><testcase classname="backend.tests.test_api" name="test_register_duplicate" time="0.378" /><testcase classname="backend.tests.test_api" name="test_login_invalid" time="0.151" /><testcase classname="backend.tests.test_api" name="test_login_admin" time="0.387" /><testcase classname="backend.tests.test_api" name="test_logout" time="0.215" /><testcase classname="backend.tests.test_api" name="test_me_unauth" time="0.131" /><testcase classname="backend.tests.test_api" name="test_list_matches" time="0.103" /><testcase classname="backend.tests.test_api" name="test_prediction_upsert" time="0.646" /><testcase classname="backend.tests.test_api" name="test_prediction_unauth" time="0.221" /><testcase classname="backend.tests.test_api" name="test_set_result_requires_admin" time="0.161" /><testcase classname="backend.tests.test_api" name="test_reopen_requires_admin" time="0.196" /><testcase classname="backend.tests.test_api" name="test_score_logic_and_ranking" time="1.482" /><testcase classname="backend.tests.test_api" name="test_ranking_includes_admin" time="0.116" /><testcase classname="backend.tests.test_new_features" name="test_matches_real_ucl_fixtures" time="0.125" /><testcase classname="backend.tests.test_new_features" name="test_final_round_label" time="0.127" /><testcase classname="backend.tests.test_new_features" name="test_semifinal_round_labels" time="0.127" /><testcase classname="backend.tests.test_new_features" name="test_stats_shape_and_math" time="0.113" /><testcase classname="backend.tests.test_new_features" name="test_stats_participants_paid_only" time="0.448" /><testcase classname="backend.tests.test_new_features" name="test_results_unauth" time="0.136" /><testcase classname="backend.tests.test_new_features" name="test_results_only_finalized" time="1.235" /><testcase classname="backend.tests.test_new_features" name="test_leaderboard_unauth" time="0.269" /><testcase classname="backend.tests.test_new_features" name="test_leaderboard_pending_returns_empty" time="0.709" /><testcase classname="backend.tests.test_new_features" name="test_leaderboard_top5_includes_admin_sorted" time="3.236" /><testcase classname="backend.tests.test_new_features" name="test_leaderboard_404_unknown_match" time="0.051" /><testcase classname="backend.tests.test_new_features" name="test_zz_leave_one_finalized" time="0.419" /></testsuite></testsuites>